<?xml version="1.0" encoding="UTF-8"?>
<!-- Generated by org.testng.reporters.JUnitReportReporter -->
<testsuite hostname="testing-worker-linux-docker-655912fc-3611-linux-7" name="com.saucelabs.SampleSauceTest" tests="2" failures="0" timestamp="28 Oct 2016 15:41:53 GMT" time="19.546" errors="0">
  <testcase name="webDriver" time="8.757" classname="com.saucelabs.SampleSauceTest"/>
  <testcase name="webDriver" time="10.789" classname="com.saucelabs.SampleSauceTest"/>
</testsuite>
