<?xml version="1.0" encoding="UTF-8"?>
<!-- Generated by org.testng.reporters.JUnitReportReporter -->
<testsuite hostname="testing-worker-linux-docker-599cd3c0-3443-linux-1" name="com.saucelabs.SampleSauceTest" tests="2" failures="0" timestamp="28 Oct 2016 15:28:58 GMT" time="19.358" errors="0">
  <testcase name="webDriver" time="9.076" classname="com.saucelabs.SampleSauceTest"/>
  <testcase name="webDriver" time="10.282" classname="com.saucelabs.SampleSauceTest"/>
</testsuite>
